2015-06-24 22:03:39 Error: Fatal Error (1): Class 'App\Model\Entity\DefaultPasswordHasher' not found in [/var/www/html/cakeface/src/Model/Entity/User.php, line 24]
Trace:
Cake\Error\BaseErrorHandler::handleFatalError() - CORE/src/Error/BaseErrorHandler.php, line 191
Cake\Error\BaseErrorHandler::Cake\Error\{closure}() - CORE/src/Error/BaseErrorHandler.php, line 90
[main] - [internal], line ??



2015-06-24 22:03:39 Error: [Cake\Error\FatalErrorException] Class 'App\Model\Entity\DefaultPasswordHasher' not found
Request URL: /cakeface/users/add
Stack Trace:
#0 /var/www/html/cakeface/vendor/cakephp/cakephp/src/Error/BaseErrorHandler.php(90): Cake\Error\BaseErrorHandler->handleFatalError(1, 'Class 'App\Mode...', '/var/www/html/c...', 24)
#1 [internal function]: Cake\Error\BaseErrorHandler->Cake\Error\{closure}()
#2 {main}


2015-06-24 22:28:38 Error: Fatal Error (1): Class 'App\Controller\Router' not found in [/var/www/html/cakeface/src/Controller/AppController.php, line 59]
Trace:
Cake\Error\BaseErrorHandler::handleFatalError() - CORE/src/Error/BaseErrorHandler.php, line 191
Cake\Error\BaseErrorHandler::Cake\Error\{closure}() - CORE/src/Error/BaseErrorHandler.php, line 90
[main] - [internal], line ??



2015-06-24 22:28:38 Error: [Cake\Error\FatalErrorException] Class 'App\Controller\Router' not found
Request URL: /cakeface/users/logout
Stack Trace:
#0 /var/www/html/cakeface/vendor/cakephp/cakephp/src/Error/BaseErrorHandler.php(90): Cake\Error\BaseErrorHandler->handleFatalError(1, 'Class 'App\Cont...', '/var/www/html/c...', 59)
#1 [internal function]: Cake\Error\BaseErrorHandler->Cake\Error\{closure}()
#2 {main}


2015-06-24 22:28:43 Error: Fatal Error (1): Class 'App\Controller\Router' not found in [/var/www/html/cakeface/src/Controller/AppController.php, line 59]
Trace:
Cake\Error\BaseErrorHandler::handleFatalError() - CORE/src/Error/BaseErrorHandler.php, line 191
Cake\Error\BaseErrorHandler::Cake\Error\{closure}() - CORE/src/Error/BaseErrorHandler.php, line 90
[main] - [internal], line ??



2015-06-24 22:28:43 Error: [Cake\Error\FatalErrorException] Class 'App\Controller\Router' not found
Request URL: /cakeface/users/login
Stack Trace:
#0 /var/www/html/cakeface/vendor/cakephp/cakephp/src/Error/BaseErrorHandler.php(90): Cake\Error\BaseErrorHandler->handleFatalError(1, 'Class 'App\Cont...', '/var/www/html/c...', 59)
#1 [internal function]: Cake\Error\BaseErrorHandler->Cake\Error\{closure}()
#2 {main}


2015-06-24 22:28:48 Error: [Cake\Routing\Exception\MissingControllerException] Controller class Login could not be found.
Exception Attributes: array (
  'class' => 'Login',
  'plugin' => NULL,
  'prefix' => NULL,
  '_ext' => NULL,
)
Request URL: /cakeface/login
Stack Trace:
#0 /var/www/html/cakeface/webroot/index.php(37): Cake\Routing\Dispatcher->dispatch(Object(Cake\Network\Request), Object(Cake\Network\Response))
#1 {main}


2015-06-24 22:28:54 Error: Fatal Error (1): Class 'App\Controller\Router' not found in [/var/www/html/cakeface/src/Controller/AppController.php, line 59]
Trace:
Cake\Error\BaseErrorHandler::handleFatalError() - CORE/src/Error/BaseErrorHandler.php, line 191
Cake\Error\BaseErrorHandler::Cake\Error\{closure}() - CORE/src/Error/BaseErrorHandler.php, line 90
[main] - [internal], line ??



2015-06-24 22:28:54 Error: [Cake\Error\FatalErrorException] Class 'App\Controller\Router' not found
Request URL: /cakeface/users/login
Stack Trace:
#0 /var/www/html/cakeface/vendor/cakephp/cakephp/src/Error/BaseErrorHandler.php(90): Cake\Error\BaseErrorHandler->handleFatalError(1, 'Class 'App\Cont...', '/var/www/html/c...', 59)
#1 [internal function]: Cake\Error\BaseErrorHandler->Cake\Error\{closure}()
#2 {main}


